<?xml version="1.0" encoding="UTF-8"?>
<coverage generated="1684585583151" clover="3.2.0">
  <project timestamp="1684585583151" name="All files">
    <metrics statements="261" coveredstatements="237" conditionals="69" coveredconditionals="61" methods="32" coveredmethods="29" elements="362" coveredelements="327" complexity="0" loc="261" ncloc="261" packages="1" files="4" classes="4"/>
    <file name="ast.js" path="/Users/jaf13/projects/vscode-extension/fold-tree/build/ast.js">
      <metrics statements="47" coveredstatements="43" conditionals="2" coveredconditionals="2" methods="11" coveredmethods="10"/>
      <line num="2" count="1" type="stmt"/>
      <line num="3" count="1" type="stmt"/>
      <line num="5" count="1" type="stmt"/>
      <line num="6" count="1" type="stmt"/>
      <line num="7" count="1" type="stmt"/>
      <line num="8" count="1" type="stmt"/>
      <line num="9" count="1" type="stmt"/>
      <line num="10" count="1" type="stmt"/>
      <line num="12" count="1" type="stmt"/>
      <line num="14" count="0" type="stmt"/>
      <line num="15" count="0" type="stmt"/>
      <line num="16" count="0" type="stmt"/>
      <line num="17" count="0" type="stmt"/>
      <line num="19" count="1" type="stmt"/>
      <line num="21" count="1" type="stmt"/>
      <line num="23" count="1" type="stmt"/>
      <line num="25" count="1" type="stmt"/>
      <line num="26" count="1" type="stmt"/>
      <line num="27" count="1" type="stmt"/>
      <line num="28" count="1" type="stmt"/>
      <line num="29" count="1" type="stmt"/>
      <line num="30" count="1" type="stmt"/>
      <line num="31" count="1" type="stmt"/>
      <line num="32" count="1" type="stmt"/>
      <line num="34" count="1" type="stmt"/>
      <line num="36" count="1" type="stmt"/>
      <line num="37" count="1" type="stmt"/>
      <line num="39" count="4" type="stmt"/>
      <line num="40" count="4" type="stmt"/>
      <line num="41" count="4" type="stmt"/>
      <line num="42" count="4" type="stmt"/>
      <line num="44" count="1" type="stmt"/>
      <line num="46" count="1" type="stmt"/>
      <line num="47" count="1" type="stmt"/>
      <line num="49" count="4" type="stmt"/>
      <line num="50" count="4" type="stmt"/>
      <line num="51" count="4" type="stmt"/>
      <line num="52" count="4" type="stmt"/>
      <line num="54" count="1" type="stmt"/>
      <line num="56" count="1" type="stmt"/>
      <line num="66" count="1" type="stmt"/>
      <line num="68" count="19" type="stmt"/>
      <line num="69" count="19" type="stmt"/>
      <line num="70" count="19" type="stmt"/>
      <line num="71" count="19" type="stmt"/>
      <line num="73" count="1" type="stmt"/>
      <line num="75" count="1" type="stmt"/>
    </file>
    <file name="def.js" path="/Users/jaf13/projects/vscode-extension/fold-tree/build/def.js">
      <metrics statements="5" coveredstatements="5" conditionals="0" coveredconditionals="0" methods="0" coveredmethods="0"/>
      <line num="2" count="2" type="stmt"/>
      <line num="3" count="2" type="stmt"/>
      <line num="4" count="2" type="stmt"/>
      <line num="5" count="2" type="stmt"/>
      <line num="6" count="2" type="stmt"/>
    </file>
    <file name="lexer.js" path="/Users/jaf13/projects/vscode-extension/fold-tree/build/lexer.js">
      <metrics statements="124" coveredstatements="121" conditionals="45" coveredconditionals="42" methods="11" coveredmethods="11"/>
      <line num="2" count="2" type="stmt"/>
      <line num="3" count="2" type="stmt"/>
      <line num="4" count="2" type="stmt"/>
      <line num="6" count="2" type="stmt"/>
      <line num="7" count="2" type="stmt"/>
      <line num="8" count="2" type="stmt"/>
      <line num="9" count="2" type="stmt"/>
      <line num="10" count="2" type="stmt"/>
      <line num="11" count="2" type="stmt"/>
      <line num="12" count="2" type="stmt"/>
      <line num="15" count="4" type="stmt"/>
      <line num="16" count="4" type="stmt"/>
      <line num="17" count="4" type="stmt"/>
      <line num="18" count="4" type="stmt"/>
      <line num="20" count="2" type="stmt"/>
      <line num="24" count="2" type="stmt"/>
      <line num="26" count="16" type="stmt"/>
      <line num="31" count="16" type="stmt"/>
      <line num="36" count="16" type="stmt"/>
      <line num="37" count="16" type="stmt"/>
      <line num="38" count="16" type="stmt"/>
      <line num="39" count="16" type="stmt"/>
      <line num="40" count="16" type="stmt"/>
      <line num="41" count="16" type="stmt"/>
      <line num="42" count="16" type="stmt"/>
      <line num="43" count="16" type="stmt"/>
      <line num="44" count="16" type="stmt"/>
      <line num="45" count="16" type="stmt"/>
      <line num="46" count="16" type="stmt"/>
      <line num="47" count="16" type="stmt"/>
      <line num="49" count="2" type="stmt"/>
      <line num="50" count="158" type="stmt"/>
      <line num="51" count="158" type="stmt"/>
      <line num="52" count="158" type="cond" truecount="1" falsecount="1"/>
      <line num="53" count="158" type="stmt"/>
      <line num="56" count="0" type="stmt"/>
      <line num="59" count="2" type="stmt"/>
      <line num="60" count="53" type="stmt"/>
      <line num="61" count="53" type="cond" truecount="1" falsecount="1"/>
      <line num="62" count="53" type="stmt"/>
      <line num="65" count="0" type="stmt"/>
      <line num="68" count="2" type="stmt"/>
      <line num="69" count="190" type="stmt"/>
      <line num="70" count="190" type="stmt"/>
      <line num="71" count="190" type="cond" truecount="2" falsecount="0"/>
      <line num="72" count="55" type="stmt"/>
      <line num="73" count="55" type="stmt"/>
      <line num="76" count="135" type="cond" truecount="2" falsecount="0"/>
      <line num="77" count="43" type="stmt"/>
      <line num="80" count="92" type="stmt"/>
      <line num="81" count="92" type="stmt"/>
      <line num="82" count="92" type="stmt"/>
      <line num="83" count="3248" type="cond" truecount="4" falsecount="0"/>
      <line num="86" count="1624" type="stmt"/>
      <line num="87" count="1624" type="cond" truecount="3" falsecount="0"/>
      <line num="90" count="58" type="stmt"/>
      <line num="92" count="58" type="stmt"/>
      <line num="95" count="68" type="stmt"/>
      <line num="97" count="68" type="stmt"/>
      <line num="100" count="1498" type="stmt"/>
      <line num="102" count="1498" type="stmt"/>
      <line num="105" count="1624" type="stmt"/>
      <line num="109" count="58" type="stmt"/>
      <line num="110" count="58" type="cond" truecount="2" falsecount="0"/>
      <line num="111" count="58" type="stmt"/>
      <line num="112" count="58" type="stmt"/>
      <line num="115" count="58" type="cond" truecount="2" falsecount="0"/>
      <line num="116" count="37" type="stmt"/>
      <line num="117" count="37" type="stmt"/>
      <line num="118" count="37" type="stmt"/>
      <line num="119" count="37" type="stmt"/>
      <line num="120" count="37" type="cond" truecount="5" falsecount="0"/>
      <line num="121" count="8" type="stmt"/>
      <line num="130" count="8" type="stmt"/>
      <line num="132" count="29" type="cond" truecount="5" falsecount="0"/>
      <line num="133" count="8" type="stmt"/>
      <line num="142" count="8" type="stmt"/>
      <line num="145" count="21" type="stmt"/>
      <line num="146" count="21" type="stmt"/>
      <line num="150" count="21" type="stmt"/>
      <line num="151" count="21" type="stmt"/>
      <line num="154" count="58" type="stmt"/>
      <line num="157" count="68" type="stmt"/>
      <line num="166" count="68" type="stmt"/>
      <line num="168" count="68" type="stmt"/>
      <line num="171" count="1498" type="stmt"/>
      <line num="172" count="1498" type="stmt"/>
      <line num="174" count="1498" type="stmt"/>
      <line num="176" count="3248" type="cond" truecount="2" falsecount="0"/>
      <line num="177" count="84" type="cond" truecount="2" falsecount="0"/>
      <line num="178" count="55" type="stmt"/>
      <line num="179" count="55" type="stmt"/>
      <line num="188" count="55" type="stmt"/>
      <line num="190" count="84" type="stmt"/>
      <line num="191" count="84" type="stmt"/>
      <line num="194" count="92" type="cond" truecount="4" falsecount="0"/>
      <line num="195" count="8" type="stmt"/>
      <line num="204" count="8" type="stmt"/>
      <line num="205" count="8" type="stmt"/>
      <line num="209" count="190" type="cond" truecount="1" falsecount="1"/>
      <line num="210" count="0" type="stmt"/>
      <line num="212" count="190" type="stmt"/>
      <line num="214" count="2" type="stmt"/>
      <line num="215" count="1928" type="stmt"/>
      <line num="216" count="1928" type="stmt"/>
      <line num="217" count="1928" type="stmt"/>
      <line num="219" count="2" type="stmt"/>
      <line num="220" count="147" type="cond" truecount="2" falsecount="0"/>
      <line num="221" count="84" type="stmt"/>
      <line num="222" count="84" type="cond" truecount="2" falsecount="0"/>
      <line num="223" count="68" type="stmt"/>
      <line num="224" count="68" type="stmt"/>
      <line num="227" count="16" type="stmt"/>
      <line num="231" count="2" type="stmt"/>
      <line num="232" count="1540" type="stmt"/>
      <line num="233" count="1540" type="stmt"/>
      <line num="234" count="1540" type="stmt"/>
      <line num="236" count="2" type="stmt"/>
      <line num="237" count="1" type="stmt"/>
      <line num="238" count="1" type="stmt"/>
      <line num="239" count="1" type="stmt"/>
      <line num="240" count="1" type="stmt"/>
      <line num="242" count="2" type="stmt"/>
      <line num="244" count="2" type="stmt"/>
    </file>
    <file name="parser.js" path="/Users/jaf13/projects/vscode-extension/fold-tree/build/parser.js">
      <metrics statements="85" coveredstatements="68" conditionals="22" coveredconditionals="17" methods="10" coveredmethods="8"/>
      <line num="2" count="1" type="stmt"/>
      <line num="3" count="1" type="stmt"/>
      <line num="4" count="1" type="stmt"/>
      <line num="5" count="1" type="stmt"/>
      <line num="6" count="1" type="stmt"/>
      <line num="8" count="12" type="stmt"/>
      <line num="13" count="12" type="stmt"/>
      <line num="18" count="12" type="stmt"/>
      <line num="23" count="12" type="stmt"/>
      <line num="24" count="12" type="stmt"/>
      <line num="25" count="12" type="stmt"/>
      <line num="27" count="1" type="stmt"/>
      <line num="28" count="53" type="stmt"/>
      <line num="30" count="1" type="stmt"/>
      <line num="31" count="51" type="stmt"/>
      <line num="32" count="51" type="cond" truecount="2" falsecount="0"/>
      <line num="33" count="41" type="stmt"/>
      <line num="34" count="41" type="stmt"/>
      <line num="35" count="41" type="stmt"/>
      <line num="36" count="41" type="stmt"/>
      <line num="38" count="51" type="stmt"/>
      <line num="40" count="1" type="stmt"/>
      <line num="41" count="0" type="stmt"/>
      <line num="42" count="0" type="cond" truecount="0" falsecount="2"/>
      <line num="43" count="0" type="stmt"/>
      <line num="45" count="0" type="stmt"/>
      <line num="47" count="1" type="stmt"/>
      <line num="48" count="0" type="stmt"/>
      <line num="49" count="0" type="stmt"/>
      <line num="51" count="1" type="stmt"/>
      <line num="52" count="1" type="stmt"/>
      <line num="53" count="1" type="cond" truecount="1" falsecount="1"/>
      <line num="58" count="0" type="stmt"/>
      <line num="59" count="0" type="stmt"/>
      <line num="60" count="0" type="stmt"/>
      <line num="61" count="0" type="stmt"/>
      <line num="62" count="0" type="stmt"/>
      <line num="63" count="0" type="stmt"/>
      <line num="64" count="0" type="stmt"/>
      <line num="66" count="1" type="cond" truecount="1" falsecount="1"/>
      <line num="67" count="1" type="stmt"/>
      <line num="68" count="1" type="stmt"/>
      <line num="69" count="1" type="stmt"/>
      <line num="70" count="1" type="stmt"/>
      <line num="73" count="0" type="stmt"/>
      <line num="74" count="0" type="stmt"/>
      <line num="76" count="1" type="stmt"/>
      <line num="78" count="1" type="stmt"/>
      <line num="79" count="4" type="stmt"/>
      <line num="80" count="4" type="cond" truecount="2" falsecount="0"/>
      <line num="81" count="2" type="stmt"/>
      <line num="82" count="2" type="stmt"/>
      <line num="85" count="2" type="stmt"/>
      <line num="86" count="2" type="stmt"/>
      <line num="88" count="2" type="cond" truecount="2" falsecount="0"/>
      <line num="89" count="1" type="stmt"/>
      <line num="90" count="1" type="stmt"/>
      <line num="92" count="2" type="cond" truecount="1" falsecount="1"/>
      <line num="93" count="2" type="stmt"/>
      <line num="96" count="0" type="stmt"/>
      <line num="97" count="0" type="stmt"/>
      <line num="99" count="2" type="stmt"/>
      <line num="101" count="1" type="stmt"/>
      <line num="102" count="4" type="stmt"/>
      <line num="103" count="4" type="cond" truecount="2" falsecount="0"/>
      <line num="104" count="2" type="stmt"/>
      <line num="105" count="2" type="stmt"/>
      <line num="106" count="2" type="cond" truecount="2" falsecount="0"/>
      <line num="107" count="1" type="stmt"/>
      <line num="108" count="1" type="stmt"/>
      <line num="112" count="2" type="stmt"/>
      <line num="113" count="2" type="stmt"/>
      <line num="115" count="2" type="stmt"/>
      <line num="117" count="1" type="stmt"/>
      <line num="118" count="19" type="stmt"/>
      <line num="119" count="19" type="cond" truecount="2" falsecount="0"/>
      <line num="120" count="18" type="stmt"/>
      <line num="121" count="18" type="stmt"/>
      <line num="122" count="18" type="cond" truecount="2" falsecount="0"/>
      <line num="123" count="15" type="stmt"/>
      <line num="124" count="15" type="stmt"/>
      <line num="128" count="1" type="stmt"/>
      <line num="130" count="19" type="stmt"/>
      <line num="132" count="1" type="stmt"/>
      <line num="134" count="1" type="stmt"/>
    </file>
  </project>
</coverage>
