{"/Users/jaf13/projects/vscode-extension/fold-tree/build/ast.js": {"path":"/Users/jaf13/projects/vscode-extension/fold-tree/build/ast.js","statementMap":{"0":{"start":{"line":2,"column":0},"end":{"line":2,"column":62}},"1":{"start":{"line":3,"column":0},"end":{"line":3,"column":124}},"2":{"start":{"line":5,"column":0},"end":{"line":11,"column":56}},"3":{"start":{"line":6,"column":4},"end":{"line":6,"column":29}},"4":{"start":{"line":7,"column":4},"end":{"line":7,"column":29}},"5":{"start":{"line":8,"column":4},"end":{"line":8,"column":37}},"6":{"start":{"line":9,"column":4},"end":{"line":9,"column":39}},"7":{"start":{"line":10,"column":4},"end":{"line":10,"column":29}},"8":{"start":{"line":12,"column":29},"end":{"line":20,"column":3}},"9":{"start":{"line":14,"column":8},"end":{"line":14,"column":33}},"10":{"start":{"line":15,"column":8},"end":{"line":15,"column":38}},"11":{"start":{"line":16,"column":8},"end":{"line":16,"column":21}},"12":{"start":{"line":17,"column":8},"end":{"line":17,"column":27}},"13":{"start":{"line":19,"column":4},"end":{"line":19,"column":19}},"14":{"start":{"line":21,"column":0},"end":{"line":21,"column":26}},"15":{"start":{"line":23,"column":29},"end":{"line":35,"column":3}},"16":{"start":{"line":25,"column":8},"end":{"line":25,"column":33}},"17":{"start":{"line":26,"column":8},"end":{"line":26,"column":38}},"18":{"start":{"line":27,"column":8},"end":{"line":27,"column":21}},"19":{"start":{"line":28,"column":8},"end":{"line":28,"column":30}},"20":{"start":{"line":29,"column":8},"end":{"line":29,"column":25}},"21":{"start":{"line":30,"column":8},"end":{"line":30,"column":31}},"22":{"start":{"line":31,"column":8},"end":{"line":31,"column":29}},"23":{"start":{"line":32,"column":8},"end":{"line":32,"column":25}},"24":{"start":{"line":34,"column":4},"end":{"line":34,"column":19}},"25":{"start":{"line":36,"column":0},"end":{"line":36,"column":26}},"26":{"start":{"line":37,"column":33},"end":{"line":45,"column":3}},"27":{"start":{"line":39,"column":8},"end":{"line":39,"column":37}},"28":{"start":{"line":40,"column":8},"end":{"line":40,"column":38}},"29":{"start":{"line":41,"column":8},"end":{"line":41,"column":21}},"30":{"start":{"line":42,"column":8},"end":{"line":42,"column":23}},"31":{"start":{"line":44,"column":4},"end":{"line":44,"column":23}},"32":{"start":{"line":46,"column":0},"end":{"line":46,"column":34}},"33":{"start":{"line":47,"column":34},"end":{"line":55,"column":3}},"34":{"start":{"line":49,"column":8},"end":{"line":49,"column":38}},"35":{"start":{"line":50,"column":8},"end":{"line":50,"column":38}},"36":{"start":{"line":51,"column":8},"end":{"line":51,"column":21}},"37":{"start":{"line":52,"column":8},"end":{"line":52,"column":33}},"38":{"start":{"line":54,"column":4},"end":{"line":54,"column":24}},"39":{"start":{"line":56,"column":0},"end":{"line":56,"column":36}},"40":{"start":{"line":66,"column":29},"end":{"line":74,"column":3}},"41":{"start":{"line":68,"column":8},"end":{"line":68,"column":33}},"42":{"start":{"line":69,"column":8},"end":{"line":69,"column":38}},"43":{"start":{"line":70,"column":8},"end":{"line":70,"column":21}},"44":{"start":{"line":71,"column":8},"end":{"line":71,"column":30}},"45":{"start":{"line":73,"column":4},"end":{"line":73,"column":19}},"46":{"start":{"line":75,"column":0},"end":{"line":75,"column":26}}},"fnMap":{"0":{"name":"(anonymous_0)","decl":{"start":{"line":5,"column":1},"end":{"line":5,"column":2}},"loc":{"start":{"line":5,"column":20},"end":{"line":11,"column":1}},"line":5},"1":{"name":"(anonymous_1)","decl":{"start":{"line":12,"column":29},"end":{"line":12,"column":30}},"loc":{"start":{"line":12,"column":41},"end":{"line":20,"column":1}},"line":12},"2":{"name":"FileAST","decl":{"start":{"line":13,"column":13},"end":{"line":13,"column":20}},"loc":{"start":{"line":13,"column":23},"end":{"line":18,"column":5}},"line":13},"3":{"name":"(anonymous_3)","decl":{"start":{"line":23,"column":29},"end":{"line":23,"column":30}},"loc":{"start":{"line":23,"column":41},"end":{"line":35,"column":1}},"line":23},"4":{"name":"FoldAST","decl":{"start":{"line":24,"column":13},"end":{"line":24,"column":20}},"loc":{"start":{"line":24,"column":23},"end":{"line":33,"column":5}},"line":24},"5":{"name":"(anonymous_5)","decl":{"start":{"line":37,"column":33},"end":{"line":37,"column":34}},"loc":{"start":{"line":37,"column":45},"end":{"line":45,"column":1}},"line":37},"6":{"name":"FoldOpenAST","decl":{"start":{"line":38,"column":13},"end":{"line":38,"column":24}},"loc":{"start":{"line":38,"column":27},"end":{"line":43,"column":5}},"line":38},"7":{"name":"(anonymous_7)","decl":{"start":{"line":47,"column":34},"end":{"line":47,"column":35}},"loc":{"start":{"line":47,"column":46},"end":{"line":55,"column":1}},"line":47},"8":{"name":"FoldCloseAST","decl":{"start":{"line":48,"column":13},"end":{"line":48,"column":25}},"loc":{"start":{"line":48,"column":28},"end":{"line":53,"column":5}},"line":48},"9":{"name":"(anonymous_9)","decl":{"start":{"line":66,"column":29},"end":{"line":66,"column":30}},"loc":{"start":{"line":66,"column":41},"end":{"line":74,"column":1}},"line":66},"10":{"name":"TextAST","decl":{"start":{"line":67,"column":13},"end":{"line":67,"column":20}},"loc":{"start":{"line":67,"column":23},"end":{"line":72,"column":5}},"line":67}},"branchMap":{"0":{"loc":{"start":{"line":11,"column":13},"end":{"line":11,"column":54}},"type":"binary-expr","locations":[{"start":{"line":11,"column":13},"end":{"line":11,"column":28}},{"start":{"line":11,"column":33},"end":{"line":11,"column":53}}],"line":11}},"s":{"0":1,"1":1,"2":1,"3":1,"4":1,"5":1,"6":1,"7":1,"8":1,"9":0,"10":0,"11":0,"12":0,"13":1,"14":1,"15":1,"16":1,"17":1,"18":1,"19":1,"20":1,"21":1,"22":1,"23":1,"24":1,"25":1,"26":1,"27":4,"28":4,"29":4,"30":4,"31":1,"32":1,"33":1,"34":4,"35":4,"36":4,"37":4,"38":1,"39":1,"40":1,"41":19,"42":19,"43":19,"44":19,"45":1,"46":1},"f":{"0":1,"1":1,"2":0,"3":1,"4":1,"5":1,"6":4,"7":1,"8":4,"9":1,"10":19},"b":{"0":[1,1]},"_coverageSchema":"1a1c01bbd47fc00a2c39e90264f33305004495a9","hash":"0391684a8c6323150b7a7e3ed947c8cf147e574d"}
,"/Users/jaf13/projects/vscode-extension/fold-tree/build/def.js": {"path":"/Users/jaf13/projects/vscode-extension/fold-tree/build/def.js","statementMap":{"0":{"start":{"line":2,"column":0},"end":{"line":2,"column":62}},"1":{"start":{"line":3,"column":0},"end":{"line":3,"column":81}},"2":{"start":{"line":4,"column":0},"end":{"line":4,"column":67}},"3":{"start":{"line":5,"column":0},"end":{"line":5,"column":36}},"4":{"start":{"line":6,"column":0},"end":{"line":6,"column":37}}},"fnMap":{},"branchMap":{},"s":{"0":2,"1":2,"2":2,"3":2,"4":2},"f":{},"b":{},"_coverageSchema":"1a1c01bbd47fc00a2c39e90264f33305004495a9","hash":"dca5c4415cc734e2c42b7f61273cd8d8908b9905"}
,"/Users/jaf13/projects/vscode-extension/fold-tree/build/lexer.js": {"path":"/Users/jaf13/projects/vscode-extension/fold-tree/build/lexer.js","statementMap":{"0":{"start":{"line":2,"column":0},"end":{"line":2,"column":62}},"1":{"start":{"line":3,"column":0},"end":{"line":3,"column":65}},"2":{"start":{"line":4,"column":10},"end":{"line":4,"column":26}},"3":{"start":{"line":6,"column":0},"end":{"line":13,"column":62}},"4":{"start":{"line":7,"column":4},"end":{"line":7,"column":45}},"5":{"start":{"line":8,"column":4},"end":{"line":8,"column":47}},"6":{"start":{"line":9,"column":4},"end":{"line":9,"column":37}},"7":{"start":{"line":10,"column":4},"end":{"line":10,"column":27}},"8":{"start":{"line":11,"column":4},"end":{"line":11,"column":29}},"9":{"start":{"line":12,"column":4},"end":{"line":12,"column":37}},"10":{"start":{"line":15,"column":15},"end":{"line":15,"column":36}},"11":{"start":{"line":16,"column":14},"end":{"line":16,"column":35}},"12":{"start":{"line":17,"column":15},"end":{"line":17,"column":25}},"13":{"start":{"line":18,"column":4},"end":{"line":18,"column":99}},"14":{"start":{"line":20,"column":0},"end":{"line":20,"column":34}},"15":{"start":{"line":24,"column":27},"end":{"line":243,"column":3}},"16":{"start":{"line":26,"column":8},"end":{"line":30,"column":10}},"17":{"start":{"line":31,"column":8},"end":{"line":35,"column":10}},"18":{"start":{"line":36,"column":8},"end":{"line":36,"column":26}},"19":{"start":{"line":37,"column":8},"end":{"line":37,"column":25}},"20":{"start":{"line":38,"column":8},"end":{"line":38,"column":28}},"21":{"start":{"line":39,"column":8},"end":{"line":39,"column":29}},"22":{"start":{"line":40,"column":8},"end":{"line":40,"column":28}},"23":{"start":{"line":41,"column":8},"end":{"line":41,"column":31}},"24":{"start":{"line":42,"column":8},"end":{"line":42,"column":30}},"25":{"start":{"line":43,"column":8},"end":{"line":43,"column":30}},"26":{"start":{"line":44,"column":8},"end":{"line":44,"column":42}},"27":{"start":{"line":45,"column":8},"end":{"line":45,"column":29}},"28":{"start":{"line":46,"column":8},"end":{"line":46,"column":51}},"29":{"start":{"line":47,"column":8},"end":{"line":47,"column":51}},"30":{"start":{"line":49,"column":4},"end":{"line":58,"column":6}},"31":{"start":{"line":50,"column":24},"end":{"line":50,"column":48}},"32":{"start":{"line":51,"column":8},"end":{"line":51,"column":51}},"33":{"start":{"line":52,"column":8},"end":{"line":57,"column":9}},"34":{"start":{"line":53,"column":12},"end":{"line":53,"column":29}},"35":{"start":{"line":56,"column":12},"end":{"line":56,"column":46}},"36":{"start":{"line":59,"column":4},"end":{"line":67,"column":6}},"37":{"start":{"line":60,"column":24},"end":{"line":60,"column":43}},"38":{"start":{"line":61,"column":8},"end":{"line":66,"column":9}},"39":{"start":{"line":62,"column":12},"end":{"line":62,"column":29}},"40":{"start":{"line":65,"column":12},"end":{"line":65,"column":50}},"41":{"start":{"line":68,"column":4},"end":{"line":213,"column":6}},"42":{"start":{"line":69,"column":25},"end":{"line":69,"column":37}},"43":{"start":{"line":70,"column":24},"end":{"line":70,"column":46}},"44":{"start":{"line":71,"column":8},"end":{"line":208,"column":9}},"45":{"start":{"line":72,"column":12},"end":{"line":72,"column":35}},"46":{"start":{"line":73,"column":12},"end":{"line":73,"column":46}},"47":{"start":{"line":76,"column":12},"end":{"line":207,"column":13}},"48":{"start":{"line":77,"column":16},"end":{"line":77,"column":38}},"49":{"start":{"line":80,"column":28},"end":{"line":80,"column":29}},"50":{"start":{"line":81,"column":28},"end":{"line":81,"column":33}},"51":{"start":{"line":82,"column":16},"end":{"line":193,"column":17}},"52":{"start":{"line":83,"column":20},"end":{"line":175,"column":21}},"53":{"start":{"line":86,"column":48},"end":{"line":86,"column":64}},"54":{"start":{"line":87,"column":32},"end":{"line":103,"column":33}},"55":{"start":{"line":90,"column":44},"end":{"line":90,"column":54}},"56":{"start":{"line":92,"column":40},"end":{"line":92,"column":46}},"57":{"start":{"line":95,"column":44},"end":{"line":95,"column":54}},"58":{"start":{"line":97,"column":40},"end":{"line":97,"column":46}},"59":{"start":{"line":100,"column":44},"end":{"line":100,"column":54}},"60":{"start":{"line":102,"column":40},"end":{"line":102,"column":46}},"61":{"start":{"line":105,"column":28},"end":{"line":105,"column":34}},"62":{"start":{"line":109,"column":44},"end":{"line":109,"column":48}},"63":{"start":{"line":110,"column":32},"end":{"line":113,"column":33}},"64":{"start":{"line":110,"column":45},"end":{"line":110,"column":46}},"65":{"start":{"line":111,"column":47},"end":{"line":111,"column":63}},"66":{"start":{"line":112,"column":36},"end":{"line":112,"column":70}},"67":{"start":{"line":115,"column":32},"end":{"line":152,"column":33}},"68":{"start":{"line":116,"column":45},"end":{"line":116,"column":64}},"69":{"start":{"line":117,"column":48},"end":{"line":117,"column":65}},"70":{"start":{"line":118,"column":48},"end":{"line":118,"column":69}},"71":{"start":{"line":119,"column":48},"end":{"line":119,"column":69}},"72":{"start":{"line":120,"column":36},"end":{"line":147,"column":37}},"73":{"start":{"line":121,"column":40},"end":{"line":129,"column":42}},"74":{"start":{"line":130,"column":40},"end":{"line":130,"column":53}},"75":{"start":{"line":132,"column":41},"end":{"line":147,"column":37}},"76":{"start":{"line":133,"column":40},"end":{"line":141,"column":42}},"77":{"start":{"line":142,"column":40},"end":{"line":142,"column":53}},"78":{"start":{"line":145,"column":40},"end":{"line":145,"column":63}},"79":{"start":{"line":146,"column":40},"end":{"line":146,"column":50}},"80":{"start":{"line":150,"column":36},"end":{"line":150,"column":59}},"81":{"start":{"line":151,"column":36},"end":{"line":151,"column":46}},"82":{"start":{"line":154,"column":28},"end":{"line":154,"column":34}},"83":{"start":{"line":157,"column":32},"end":{"line":165,"column":34}},"84":{"start":{"line":166,"column":32},"end":{"line":166,"column":45}},"85":{"start":{"line":168,"column":28},"end":{"line":168,"column":34}},"86":{"start":{"line":171,"column":32},"end":{"line":171,"column":55}},"87":{"start":{"line":172,"column":32},"end":{"line":172,"column":42}},"88":{"start":{"line":174,"column":28},"end":{"line":174,"column":34}},"89":{"start":{"line":176,"column":20},"end":{"line":192,"column":21}},"90":{"start":{"line":177,"column":24},"end":{"line":189,"column":25}},"91":{"start":{"line":178,"column":28},"end":{"line":178,"column":62}},"92":{"start":{"line":179,"column":28},"end":{"line":187,"column":30}},"93":{"start":{"line":188,"column":28},"end":{"line":188,"column":51}},"94":{"start":{"line":190,"column":24},"end":{"line":190,"column":58}},"95":{"start":{"line":191,"column":24},"end":{"line":191,"column":30}},"96":{"start":{"line":194,"column":16},"end":{"line":206,"column":17}},"97":{"start":{"line":195,"column":20},"end":{"line":203,"column":22}},"98":{"start":{"line":204,"column":20},"end":{"line":204,"column":43}},"99":{"start":{"line":205,"column":20},"end":{"line":205,"column":54}},"100":{"start":{"line":209,"column":8},"end":{"line":211,"column":9}},"101":{"start":{"line":210,"column":12},"end":{"line":210,"column":54}},"102":{"start":{"line":212,"column":8},"end":{"line":212,"column":26}},"103":{"start":{"line":214,"column":4},"end":{"line":218,"column":6}},"104":{"start":{"line":215,"column":24},"end":{"line":215,"column":26}},"105":{"start":{"line":216,"column":8},"end":{"line":216,"column":55}},"106":{"start":{"line":217,"column":8},"end":{"line":217,"column":25}},"107":{"start":{"line":219,"column":4},"end":{"line":230,"column":6}},"108":{"start":{"line":220,"column":8},"end":{"line":229,"column":9}},"109":{"start":{"line":221,"column":12},"end":{"line":221,"column":41}},"110":{"start":{"line":222,"column":12},"end":{"line":228,"column":13}},"111":{"start":{"line":223,"column":16},"end":{"line":223,"column":38}},"112":{"start":{"line":224,"column":16},"end":{"line":224,"column":36}},"113":{"start":{"line":227,"column":16},"end":{"line":227,"column":45}},"114":{"start":{"line":231,"column":4},"end":{"line":235,"column":6}},"115":{"start":{"line":232,"column":8},"end":{"line":232,"column":83}},"116":{"start":{"line":233,"column":8},"end":{"line":233,"column":29}},"117":{"start":{"line":234,"column":8},"end":{"line":234,"column":29}},"118":{"start":{"line":236,"column":4},"end":{"line":241,"column":6}},"119":{"start":{"line":237,"column":20},"end":{"line":237,"column":39}},"120":{"start":{"line":238,"column":18},"end":{"line":238,"column":47}},"121":{"start":{"line":239,"column":19},"end":{"line":239,"column":52}},"122":{"start":{"line":240,"column":8},"end":{"line":240,"column":20}},"123":{"start":{"line":242,"column":4},"end":{"line":242,"column":17}},"124":{"start":{"line":244,"column":0},"end":{"line":244,"column":22}}},"fnMap":{"0":{"name":"(anonymous_0)","decl":{"start":{"line":6,"column":1},"end":{"line":6,"column":2}},"loc":{"start":{"line":6,"column":22},"end":{"line":13,"column":1}},"line":6},"1":{"name":"errorString","decl":{"start":{"line":14,"column":9},"end":{"line":14,"column":20}},"loc":{"start":{"line":14,"column":28},"end":{"line":19,"column":1}},"line":14},"2":{"name":"(anonymous_2)","decl":{"start":{"line":24,"column":27},"end":{"line":24,"column":28}},"loc":{"start":{"line":24,"column":39},"end":{"line":243,"column":1}},"line":24},"3":{"name":"Lexer","decl":{"start":{"line":25,"column":13},"end":{"line":25,"column":18}},"loc":{"start":{"line":25,"column":33},"end":{"line":48,"column":5}},"line":25},"4":{"name":"(anonymous_4)","decl":{"start":{"line":49,"column":27},"end":{"line":49,"column":28}},"loc":{"start":{"line":49,"column":39},"end":{"line":58,"column":5}},"line":49},"5":{"name":"(anonymous_5)","decl":{"start":{"line":59,"column":27},"end":{"line":59,"column":28}},"loc":{"start":{"line":59,"column":39},"end":{"line":67,"column":5}},"line":59},"6":{"name":"(anonymous_6)","decl":{"start":{"line":68,"column":35},"end":{"line":68,"column":36}},"loc":{"start":{"line":68,"column":47},"end":{"line":213,"column":5}},"line":68},"7":{"name":"(anonymous_7)","decl":{"start":{"line":214,"column":31},"end":{"line":214,"column":32}},"loc":{"start":{"line":214,"column":46},"end":{"line":218,"column":5}},"line":214},"8":{"name":"(anonymous_8)","decl":{"start":{"line":219,"column":39},"end":{"line":219,"column":40}},"loc":{"start":{"line":219,"column":56},"end":{"line":230,"column":5}},"line":219},"9":{"name":"(anonymous_9)","decl":{"start":{"line":231,"column":38},"end":{"line":231,"column":39}},"loc":{"start":{"line":231,"column":50},"end":{"line":235,"column":5}},"line":231},"10":{"name":"(anonymous_10)","decl":{"start":{"line":236,"column":30},"end":{"line":236,"column":31}},"loc":{"start":{"line":236,"column":45},"end":{"line":241,"column":5}},"line":236}},"branchMap":{"0":{"loc":{"start":{"line":13,"column":15},"end":{"line":13,"column":60}},"type":"binary-expr","locations":[{"start":{"line":13,"column":15},"end":{"line":13,"column":32}},{"start":{"line":13,"column":37},"end":{"line":13,"column":59}}],"line":13},"1":{"loc":{"start":{"line":52,"column":8},"end":{"line":57,"column":9}},"type":"if","locations":[{"start":{"line":52,"column":8},"end":{"line":57,"column":9}},{"start":{"line":55,"column":13},"end":{"line":57,"column":9}}],"line":52},"2":{"loc":{"start":{"line":61,"column":8},"end":{"line":66,"column":9}},"type":"if","locations":[{"start":{"line":61,"column":8},"end":{"line":66,"column":9}},{"start":{"line":64,"column":13},"end":{"line":66,"column":9}}],"line":61},"3":{"loc":{"start":{"line":71,"column":8},"end":{"line":208,"column":9}},"type":"if","locations":[{"start":{"line":71,"column":8},"end":{"line":208,"column":9}},{"start":{"line":75,"column":13},"end":{"line":208,"column":9}}],"line":71},"4":{"loc":{"start":{"line":76,"column":12},"end":{"line":207,"column":13}},"type":"if","locations":[{"start":{"line":76,"column":12},"end":{"line":207,"column":13}},{"start":{"line":79,"column":17},"end":{"line":207,"column":13}}],"line":76},"5":{"loc":{"start":{"line":83,"column":20},"end":{"line":175,"column":21}},"type":"switch","locations":[{"start":{"line":84,"column":24},"end":{"line":105,"column":34}},{"start":{"line":106,"column":24},"end":{"line":154,"column":34}},{"start":{"line":155,"column":24},"end":{"line":168,"column":34}},{"start":{"line":169,"column":24},"end":{"line":174,"column":34}}],"line":83},"6":{"loc":{"start":{"line":87,"column":32},"end":{"line":103,"column":33}},"type":"switch","locations":[{"start":{"line":88,"column":36},"end":{"line":92,"column":46}},{"start":{"line":93,"column":36},"end":{"line":97,"column":46}},{"start":{"line":98,"column":36},"end":{"line":102,"column":46}}],"line":87},"7":{"loc":{"start":{"line":110,"column":48},"end":{"line":110,"column":80}},"type":"binary-expr","locations":[{"start":{"line":110,"column":48},"end":{"line":110,"column":53}},{"start":{"line":110,"column":57},"end":{"line":110,"column":80}}],"line":110},"8":{"loc":{"start":{"line":115,"column":32},"end":{"line":152,"column":33}},"type":"if","locations":[{"start":{"line":115,"column":32},"end":{"line":152,"column":33}},{"start":{"line":149,"column":37},"end":{"line":152,"column":33}}],"line":115},"9":{"loc":{"start":{"line":120,"column":36},"end":{"line":147,"column":37}},"type":"if","locations":[{"start":{"line":120,"column":36},"end":{"line":147,"column":37}},{"start":{"line":132,"column":41},"end":{"line":147,"column":37}}],"line":120},"10":{"loc":{"start":{"line":120,"column":40},"end":{"line":120,"column":87}},"type":"binary-expr","locations":[{"start":{"line":120,"column":40},"end":{"line":120,"column":53}},{"start":{"line":120,"column":57},"end":{"line":120,"column":70}},{"start":{"line":120,"column":74},"end":{"line":120,"column":87}}],"line":120},"11":{"loc":{"start":{"line":132,"column":41},"end":{"line":147,"column":37}},"type":"if","locations":[{"start":{"line":132,"column":41},"end":{"line":147,"column":37}},{"start":{"line":144,"column":41},"end":{"line":147,"column":37}}],"line":132},"12":{"loc":{"start":{"line":132,"column":45},"end":{"line":132,"column":92}},"type":"binary-expr","locations":[{"start":{"line":132,"column":45},"end":{"line":132,"column":58}},{"start":{"line":132,"column":62},"end":{"line":132,"column":75}},{"start":{"line":132,"column":79},"end":{"line":132,"column":92}}],"line":132},"13":{"loc":{"start":{"line":176,"column":20},"end":{"line":192,"column":21}},"type":"if","locations":[{"start":{"line":176,"column":20},"end":{"line":192,"column":21}},{"start":{},"end":{}}],"line":176},"14":{"loc":{"start":{"line":177,"column":24},"end":{"line":189,"column":25}},"type":"if","locations":[{"start":{"line":177,"column":24},"end":{"line":189,"column":25}},{"start":{},"end":{}}],"line":177},"15":{"loc":{"start":{"line":194,"column":16},"end":{"line":206,"column":17}},"type":"if","locations":[{"start":{"line":194,"column":16},"end":{"line":206,"column":17}},{"start":{},"end":{}}],"line":194},"16":{"loc":{"start":{"line":194,"column":20},"end":{"line":194,"column":58}},"type":"binary-expr","locations":[{"start":{"line":194,"column":20},"end":{"line":194,"column":26}},{"start":{"line":194,"column":30},"end":{"line":194,"column":58}}],"line":194},"17":{"loc":{"start":{"line":209,"column":8},"end":{"line":211,"column":9}},"type":"if","locations":[{"start":{"line":209,"column":8},"end":{"line":211,"column":9}},{"start":{},"end":{}}],"line":209},"18":{"loc":{"start":{"line":220,"column":8},"end":{"line":229,"column":9}},"type":"if","locations":[{"start":{"line":220,"column":8},"end":{"line":229,"column":9}},{"start":{},"end":{}}],"line":220},"19":{"loc":{"start":{"line":222,"column":12},"end":{"line":228,"column":13}},"type":"if","locations":[{"start":{"line":222,"column":12},"end":{"line":228,"column":13}},{"start":{"line":226,"column":17},"end":{"line":228,"column":13}}],"line":222}},"s":{"0":2,"1":2,"2":2,"3":2,"4":2,"5":2,"6":2,"7":2,"8":2,"9":2,"10":4,"11":4,"12":4,"13":4,"14":2,"15":2,"16":16,"17":16,"18":16,"19":16,"20":16,"21":16,"22":16,"23":16,"24":16,"25":16,"26":16,"27":16,"28":16,"29":16,"30":2,"31":158,"32":158,"33":158,"34":158,"35":0,"36":2,"37":53,"38":53,"39":53,"40":0,"41":2,"42":190,"43":190,"44":190,"45":55,"46":55,"47":135,"48":43,"49":92,"50":92,"51":92,"52":3248,"53":1624,"54":1624,"55":58,"56":58,"57":68,"58":68,"59":1498,"60":1498,"61":1624,"62":58,"63":58,"64":58,"65":58,"66":58,"67":58,"68":37,"69":37,"70":37,"71":37,"72":37,"73":8,"74":8,"75":29,"76":8,"77":8,"78":21,"79":21,"80":21,"81":21,"82":58,"83":68,"84":68,"85":68,"86":1498,"87":1498,"88":1498,"89":3248,"90":84,"91":55,"92":55,"93":55,"94":84,"95":84,"96":92,"97":8,"98":8,"99":8,"100":190,"101":0,"102":190,"103":2,"104":1928,"105":1928,"106":1928,"107":2,"108":147,"109":84,"110":84,"111":68,"112":68,"113":16,"114":2,"115":1540,"116":1540,"117":1540,"118":2,"119":1,"120":1,"121":1,"122":1,"123":2,"124":2},"f":{"0":2,"1":4,"2":2,"3":16,"4":158,"5":53,"6":190,"7":1928,"8":147,"9":1540,"10":1},"b":{"0":[2,2],"1":[158,0],"2":[53,0],"3":[55,135],"4":[43,92],"5":[1624,58,68,1498],"6":[58,68,1498],"7":[116,95],"8":[37,21],"9":[8,29],"10":[37,8,8],"11":[8,21],"12":[29,8,8],"13":[84,3164],"14":[55,29],"15":[8,84],"16":[92,8],"17":[0,190],"18":[84,63],"19":[68,16]},"_coverageSchema":"1a1c01bbd47fc00a2c39e90264f33305004495a9","hash":"4a96c8f14f1888eb603eeabca7559826ae95e8b9"}
,"/Users/jaf13/projects/vscode-extension/fold-tree/build/parser.js": {"path":"/Users/jaf13/projects/vscode-extension/fold-tree/build/parser.js","statementMap":{"0":{"start":{"line":2,"column":0},"end":{"line":2,"column":62}},"1":{"start":{"line":3,"column":0},"end":{"line":3,"column":24}},"2":{"start":{"line":4,"column":12},"end":{"line":4,"column":30}},"3":{"start":{"line":5,"column":10},"end":{"line":5,"column":26}},"4":{"start":{"line":6,"column":28},"end":{"line":133,"column":3}},"5":{"start":{"line":8,"column":8},"end":{"line":12,"column":10}},"6":{"start":{"line":13,"column":8},"end":{"line":17,"column":10}},"7":{"start":{"line":18,"column":8},"end":{"line":22,"column":10}},"8":{"start":{"line":23,"column":8},"end":{"line":23,"column":23}},"9":{"start":{"line":24,"column":8},"end":{"line":24,"column":43}},"10":{"start":{"line":25,"column":8},"end":{"line":25,"column":45}},"11":{"start":{"line":27,"column":4},"end":{"line":29,"column":6}},"12":{"start":{"line":28,"column":8},"end":{"line":28,"column":47}},"13":{"start":{"line":30,"column":4},"end":{"line":39,"column":6}},"14":{"start":{"line":31,"column":21},"end":{"line":31,"column":26}},"15":{"start":{"line":32,"column":8},"end":{"line":37,"column":9}},"16":{"start":{"line":33,"column":12},"end":{"line":33,"column":49}},"17":{"start":{"line":34,"column":12},"end":{"line":34,"column":47}},"18":{"start":{"line":35,"column":12},"end":{"line":35,"column":49}},"19":{"start":{"line":36,"column":12},"end":{"line":36,"column":26}},"20":{"start":{"line":38,"column":8},"end":{"line":38,"column":22}},"21":{"start":{"line":40,"column":4},"end":{"line":46,"column":6}},"22":{"start":{"line":41,"column":23},"end":{"line":41,"column":39}},"23":{"start":{"line":42,"column":8},"end":{"line":44,"column":9}},"24":{"start":{"line":43,"column":12},"end":{"line":43,"column":65}},"25":{"start":{"line":45,"column":8},"end":{"line":45,"column":24}},"26":{"start":{"line":47,"column":4},"end":{"line":50,"column":6}},"27":{"start":{"line":48,"column":23},"end":{"line":48,"column":40}},"28":{"start":{"line":49,"column":8},"end":{"line":49,"column":24}},"29":{"start":{"line":51,"column":4},"end":{"line":77,"column":6}},"30":{"start":{"line":52,"column":23},"end":{"line":52,"column":40}},"31":{"start":{"line":53,"column":8},"end":{"line":75,"column":9}},"32":{"start":{"line":58,"column":12},"end":{"line":58,"column":54}},"33":{"start":{"line":59,"column":12},"end":{"line":59,"column":68}},"34":{"start":{"line":60,"column":12},"end":{"line":60,"column":50}},"35":{"start":{"line":61,"column":12},"end":{"line":61,"column":45}},"36":{"start":{"line":62,"column":12},"end":{"line":62,"column":46}},"37":{"start":{"line":63,"column":12},"end":{"line":63,"column":56}},"38":{"start":{"line":64,"column":12},"end":{"line":64,"column":52}},"39":{"start":{"line":66,"column":13},"end":{"line":75,"column":9}},"40":{"start":{"line":67,"column":12},"end":{"line":67,"column":45}},"41":{"start":{"line":68,"column":12},"end":{"line":68,"column":36}},"42":{"start":{"line":69,"column":12},"end":{"line":69,"column":63}},"43":{"start":{"line":70,"column":12},"end":{"line":70,"column":45}},"44":{"start":{"line":73,"column":26},"end":{"line":73,"column":89}},"45":{"start":{"line":74,"column":12},"end":{"line":74,"column":33}},"46":{"start":{"line":76,"column":8},"end":{"line":76,"column":24}},"47":{"start":{"line":78,"column":4},"end":{"line":100,"column":6}},"48":{"start":{"line":79,"column":28},"end":{"line":79,"column":49}},"49":{"start":{"line":80,"column":8},"end":{"line":87,"column":9}},"50":{"start":{"line":81,"column":12},"end":{"line":81,"column":72}},"51":{"start":{"line":82,"column":12},"end":{"line":82,"column":54}},"52":{"start":{"line":85,"column":26},"end":{"line":85,"column":95}},"53":{"start":{"line":86,"column":12},"end":{"line":86,"column":33}},"54":{"start":{"line":88,"column":8},"end":{"line":91,"column":9}},"55":{"start":{"line":89,"column":12},"end":{"line":89,"column":55}},"56":{"start":{"line":90,"column":12},"end":{"line":90,"column":69}},"57":{"start":{"line":92,"column":8},"end":{"line":98,"column":9}},"58":{"start":{"line":93,"column":12},"end":{"line":93,"column":55}},"59":{"start":{"line":96,"column":26},"end":{"line":96,"column":95}},"60":{"start":{"line":97,"column":12},"end":{"line":97,"column":33}},"61":{"start":{"line":99,"column":8},"end":{"line":99,"column":29}},"62":{"start":{"line":101,"column":4},"end":{"line":116,"column":6}},"63":{"start":{"line":102,"column":29},"end":{"line":102,"column":51}},"64":{"start":{"line":103,"column":8},"end":{"line":114,"column":9}},"65":{"start":{"line":104,"column":12},"end":{"line":104,"column":73}},"66":{"start":{"line":105,"column":12},"end":{"line":105,"column":55}},"67":{"start":{"line":106,"column":12},"end":{"line":109,"column":13}},"68":{"start":{"line":107,"column":16},"end":{"line":107,"column":50}},"69":{"start":{"line":108,"column":16},"end":{"line":108,"column":40}},"70":{"start":{"line":112,"column":26},"end":{"line":112,"column":97}},"71":{"start":{"line":113,"column":12},"end":{"line":113,"column":33}},"72":{"start":{"line":115,"column":8},"end":{"line":115,"column":30}},"73":{"start":{"line":117,"column":4},"end":{"line":131,"column":6}},"74":{"start":{"line":118,"column":23},"end":{"line":118,"column":40}},"75":{"start":{"line":119,"column":8},"end":{"line":129,"column":9}},"76":{"start":{"line":120,"column":12},"end":{"line":120,"column":67}},"77":{"start":{"line":121,"column":12},"end":{"line":121,"column":49}},"78":{"start":{"line":122,"column":12},"end":{"line":125,"column":13}},"79":{"start":{"line":123,"column":32},"end":{"line":123,"column":48}},"80":{"start":{"line":124,"column":16},"end":{"line":124,"column":50}},"81":{"start":{"line":128,"column":12},"end":{"line":128,"column":37}},"82":{"start":{"line":130,"column":8},"end":{"line":130,"column":24}},"83":{"start":{"line":132,"column":4},"end":{"line":132,"column":18}},"84":{"start":{"line":134,"column":0},"end":{"line":134,"column":24}}},"fnMap":{"0":{"name":"(anonymous_0)","decl":{"start":{"line":6,"column":28},"end":{"line":6,"column":29}},"loc":{"start":{"line":6,"column":40},"end":{"line":133,"column":1}},"line":6},"1":{"name":"Parser","decl":{"start":{"line":7,"column":13},"end":{"line":7,"column":19}},"loc":{"start":{"line":7,"column":25},"end":{"line":26,"column":5}},"line":7},"2":{"name":"(anonymous_2)","decl":{"start":{"line":27,"column":30},"end":{"line":27,"column":31}},"loc":{"start":{"line":27,"column":46},"end":{"line":29,"column":5}},"line":27},"3":{"name":"(anonymous_3)","decl":{"start":{"line":30,"column":31},"end":{"line":30,"column":32}},"loc":{"start":{"line":30,"column":53},"end":{"line":39,"column":5}},"line":30},"4":{"name":"(anonymous_4)","decl":{"start":{"line":40,"column":29},"end":{"line":40,"column":30}},"loc":{"start":{"line":40,"column":41},"end":{"line":46,"column":5}},"line":40},"5":{"name":"(anonymous_5)","decl":{"start":{"line":47,"column":33},"end":{"line":47,"column":34}},"loc":{"start":{"line":47,"column":45},"end":{"line":50,"column":5}},"line":47},"6":{"name":"(anonymous_6)","decl":{"start":{"line":51,"column":33},"end":{"line":51,"column":34}},"loc":{"start":{"line":51,"column":45},"end":{"line":77,"column":5}},"line":51},"7":{"name":"(anonymous_7)","decl":{"start":{"line":78,"column":37},"end":{"line":78,"column":38}},"loc":{"start":{"line":78,"column":49},"end":{"line":100,"column":5}},"line":78},"8":{"name":"(anonymous_8)","decl":{"start":{"line":101,"column":38},"end":{"line":101,"column":39}},"loc":{"start":{"line":101,"column":50},"end":{"line":116,"column":5}},"line":101},"9":{"name":"(anonymous_9)","decl":{"start":{"line":117,"column":33},"end":{"line":117,"column":34}},"loc":{"start":{"line":117,"column":45},"end":{"line":131,"column":5}},"line":117}},"branchMap":{"0":{"loc":{"start":{"line":32,"column":8},"end":{"line":37,"column":9}},"type":"if","locations":[{"start":{"line":32,"column":8},"end":{"line":37,"column":9}},{"start":{},"end":{}}],"line":32},"1":{"loc":{"start":{"line":42,"column":8},"end":{"line":44,"column":9}},"type":"if","locations":[{"start":{"line":42,"column":8},"end":{"line":44,"column":9}},{"start":{},"end":{}}],"line":42},"2":{"loc":{"start":{"line":53,"column":8},"end":{"line":75,"column":9}},"type":"if","locations":[{"start":{"line":53,"column":8},"end":{"line":75,"column":9}},{"start":{"line":66,"column":13},"end":{"line":75,"column":9}}],"line":53},"3":{"loc":{"start":{"line":66,"column":13},"end":{"line":75,"column":9}},"type":"if","locations":[{"start":{"line":66,"column":13},"end":{"line":75,"column":9}},{"start":{"line":72,"column":13},"end":{"line":75,"column":9}}],"line":66},"4":{"loc":{"start":{"line":80,"column":8},"end":{"line":87,"column":9}},"type":"if","locations":[{"start":{"line":80,"column":8},"end":{"line":87,"column":9}},{"start":{"line":84,"column":13},"end":{"line":87,"column":9}}],"line":80},"5":{"loc":{"start":{"line":88,"column":8},"end":{"line":91,"column":9}},"type":"if","locations":[{"start":{"line":88,"column":8},"end":{"line":91,"column":9}},{"start":{},"end":{}}],"line":88},"6":{"loc":{"start":{"line":92,"column":8},"end":{"line":98,"column":9}},"type":"if","locations":[{"start":{"line":92,"column":8},"end":{"line":98,"column":9}},{"start":{"line":95,"column":13},"end":{"line":98,"column":9}}],"line":92},"7":{"loc":{"start":{"line":103,"column":8},"end":{"line":114,"column":9}},"type":"if","locations":[{"start":{"line":103,"column":8},"end":{"line":114,"column":9}},{"start":{"line":111,"column":13},"end":{"line":114,"column":9}}],"line":103},"8":{"loc":{"start":{"line":106,"column":12},"end":{"line":109,"column":13}},"type":"if","locations":[{"start":{"line":106,"column":12},"end":{"line":109,"column":13}},{"start":{},"end":{}}],"line":106},"9":{"loc":{"start":{"line":119,"column":8},"end":{"line":129,"column":9}},"type":"if","locations":[{"start":{"line":119,"column":8},"end":{"line":129,"column":9}},{"start":{"line":127,"column":13},"end":{"line":129,"column":9}}],"line":119},"10":{"loc":{"start":{"line":122,"column":12},"end":{"line":125,"column":13}},"type":"if","locations":[{"start":{"line":122,"column":12},"end":{"line":125,"column":13}},{"start":{},"end":{}}],"line":122}},"s":{"0":1,"1":1,"2":1,"3":1,"4":1,"5":12,"6":12,"7":12,"8":12,"9":12,"10":12,"11":1,"12":53,"13":1,"14":51,"15":51,"16":41,"17":41,"18":41,"19":41,"20":51,"21":1,"22":0,"23":0,"24":0,"25":0,"26":1,"27":0,"28":0,"29":1,"30":1,"31":1,"32":0,"33":0,"34":0,"35":0,"36":0,"37":0,"38":0,"39":1,"40":1,"41":1,"42":1,"43":1,"44":0,"45":0,"46":1,"47":1,"48":4,"49":4,"50":2,"51":2,"52":2,"53":2,"54":2,"55":1,"56":1,"57":2,"58":2,"59":0,"60":0,"61":2,"62":1,"63":4,"64":4,"65":2,"66":2,"67":2,"68":1,"69":1,"70":2,"71":2,"72":2,"73":1,"74":19,"75":19,"76":18,"77":18,"78":18,"79":15,"80":15,"81":1,"82":19,"83":1,"84":1},"f":{"0":1,"1":12,"2":53,"3":51,"4":0,"5":0,"6":1,"7":4,"8":4,"9":19},"b":{"0":[41,10],"1":[0,0],"2":[0,1],"3":[1,0],"4":[2,2],"5":[1,1],"6":[2,0],"7":[2,2],"8":[1,1],"9":[18,1],"10":[15,3]},"_coverageSchema":"1a1c01bbd47fc00a2c39e90264f33305004495a9","hash":"a3be792a2a453a116b10a98c58be751545248a18"}
}
