TN:
SF:build/ast.js
FN:5,(anonymous_0)
FN:12,(anonymous_1)
FN:13,FileAST
FN:23,(anonymous_3)
FN:24,FoldAST
FN:37,(anonymous_5)
FN:38,FoldOpenAST
FN:47,(anonymous_7)
FN:48,FoldCloseAST
FN:66,(anonymous_9)
FN:67,TextAST
FNF:11
FNH:10
FNDA:1,(anonymous_0)
FNDA:1,(anonymous_1)
FNDA:0,FileAST
FNDA:1,(anonymous_3)
FNDA:1,FoldAST
FNDA:1,(anonymous_5)
FNDA:4,FoldOpenAST
FNDA:1,(anonymous_7)
FNDA:4,FoldCloseAST
FNDA:1,(anonymous_9)
FNDA:19,TextAST
DA:2,1
DA:3,1
DA:5,1
DA:6,1
DA:7,1
DA:8,1
DA:9,1
DA:10,1
DA:12,1
DA:14,0
DA:15,0
DA:16,0
DA:17,0
DA:19,1
DA:21,1
DA:23,1
DA:25,1
DA:26,1
DA:27,1
DA:28,1
DA:29,1
DA:30,1
DA:31,1
DA:32,1
DA:34,1
DA:36,1
DA:37,1
DA:39,4
DA:40,4
DA:41,4
DA:42,4
DA:44,1
DA:46,1
DA:47,1
DA:49,4
DA:50,4
DA:51,4
DA:52,4
DA:54,1
DA:56,1
DA:66,1
DA:68,19
DA:69,19
DA:70,19
DA:71,19
DA:73,1
DA:75,1
LF:47
LH:43
BRDA:11,0,0,1
BRDA:11,0,1,1
BRF:2
BRH:2
end_of_record
TN:
SF:build/def.js
FNF:0
FNH:0
DA:2,2
DA:3,2
DA:4,2
DA:5,2
DA:6,2
LF:5
LH:5
BRF:0
BRH:0
end_of_record
TN:
SF:build/lexer.js
FN:6,(anonymous_0)
FN:14,errorString
FN:24,(anonymous_2)
FN:25,Lexer
FN:49,(anonymous_4)
FN:59,(anonymous_5)
FN:68,(anonymous_6)
FN:214,(anonymous_7)
FN:219,(anonymous_8)
FN:231,(anonymous_9)
FN:236,(anonymous_10)
FNF:11
FNH:11
FNDA:2,(anonymous_0)
FNDA:4,errorString
FNDA:2,(anonymous_2)
FNDA:16,Lexer
FNDA:158,(anonymous_4)
FNDA:53,(anonymous_5)
FNDA:190,(anonymous_6)
FNDA:1928,(anonymous_7)
FNDA:147,(anonymous_8)
FNDA:1540,(anonymous_9)
FNDA:1,(anonymous_10)
DA:2,2
DA:3,2
DA:4,2
DA:6,2
DA:7,2
DA:8,2
DA:9,2
DA:10,2
DA:11,2
DA:12,2
DA:15,4
DA:16,4
DA:17,4
DA:18,4
DA:20,2
DA:24,2
DA:26,16
DA:31,16
DA:36,16
DA:37,16
DA:38,16
DA:39,16
DA:40,16
DA:41,16
DA:42,16
DA:43,16
DA:44,16
DA:45,16
DA:46,16
DA:47,16
DA:49,2
DA:50,158
DA:51,158
DA:52,158
DA:53,158
DA:56,0
DA:59,2
DA:60,53
DA:61,53
DA:62,53
DA:65,0
DA:68,2
DA:69,190
DA:70,190
DA:71,190
DA:72,55
DA:73,55
DA:76,135
DA:77,43
DA:80,92
DA:81,92
DA:82,92
DA:83,3248
DA:86,1624
DA:87,1624
DA:90,58
DA:92,58
DA:95,68
DA:97,68
DA:100,1498
DA:102,1498
DA:105,1624
DA:109,58
DA:110,58
DA:111,58
DA:112,58
DA:115,58
DA:116,37
DA:117,37
DA:118,37
DA:119,37
DA:120,37
DA:121,8
DA:130,8
DA:132,29
DA:133,8
DA:142,8
DA:145,21
DA:146,21
DA:150,21
DA:151,21
DA:154,58
DA:157,68
DA:166,68
DA:168,68
DA:171,1498
DA:172,1498
DA:174,1498
DA:176,3248
DA:177,84
DA:178,55
DA:179,55
DA:188,55
DA:190,84
DA:191,84
DA:194,92
DA:195,8
DA:204,8
DA:205,8
DA:209,190
DA:210,0
DA:212,190
DA:214,2
DA:215,1928
DA:216,1928
DA:217,1928
DA:219,2
DA:220,147
DA:221,84
DA:222,84
DA:223,68
DA:224,68
DA:227,16
DA:231,2
DA:232,1540
DA:233,1540
DA:234,1540
DA:236,2
DA:237,1
DA:238,1
DA:239,1
DA:240,1
DA:242,2
DA:244,2
LF:124
LH:121
BRDA:13,0,0,2
BRDA:13,0,1,2
BRDA:52,1,0,158
BRDA:52,1,1,0
BRDA:61,2,0,53
BRDA:61,2,1,0
BRDA:71,3,0,55
BRDA:71,3,1,135
BRDA:76,4,0,43
BRDA:76,4,1,92
BRDA:83,5,0,1624
BRDA:83,5,1,58
BRDA:83,5,2,68
BRDA:83,5,3,1498
BRDA:87,6,0,58
BRDA:87,6,1,68
BRDA:87,6,2,1498
BRDA:110,7,0,116
BRDA:110,7,1,95
BRDA:115,8,0,37
BRDA:115,8,1,21
BRDA:120,9,0,8
BRDA:120,9,1,29
BRDA:120,10,0,37
BRDA:120,10,1,8
BRDA:120,10,2,8
BRDA:132,11,0,8
BRDA:132,11,1,21
BRDA:132,12,0,29
BRDA:132,12,1,8
BRDA:132,12,2,8
BRDA:176,13,0,84
BRDA:176,13,1,3164
BRDA:177,14,0,55
BRDA:177,14,1,29
BRDA:194,15,0,8
BRDA:194,15,1,84
BRDA:194,16,0,92
BRDA:194,16,1,8
BRDA:209,17,0,0
BRDA:209,17,1,190
BRDA:220,18,0,84
BRDA:220,18,1,63
BRDA:222,19,0,68
BRDA:222,19,1,16
BRF:45
BRH:42
end_of_record
TN:
SF:build/parser.js
FN:6,(anonymous_0)
FN:7,Parser
FN:27,(anonymous_2)
FN:30,(anonymous_3)
FN:40,(anonymous_4)
FN:47,(anonymous_5)
FN:51,(anonymous_6)
FN:78,(anonymous_7)
FN:101,(anonymous_8)
FN:117,(anonymous_9)
FNF:10
FNH:8
FNDA:1,(anonymous_0)
FNDA:12,Parser
FNDA:53,(anonymous_2)
FNDA:51,(anonymous_3)
FNDA:0,(anonymous_4)
FNDA:0,(anonymous_5)
FNDA:1,(anonymous_6)
FNDA:4,(anonymous_7)
FNDA:4,(anonymous_8)
FNDA:19,(anonymous_9)
DA:2,1
DA:3,1
DA:4,1
DA:5,1
DA:6,1
DA:8,12
DA:13,12
DA:18,12
DA:23,12
DA:24,12
DA:25,12
DA:27,1
DA:28,53
DA:30,1
DA:31,51
DA:32,51
DA:33,41
DA:34,41
DA:35,41
DA:36,41
DA:38,51
DA:40,1
DA:41,0
DA:42,0
DA:43,0
DA:45,0
DA:47,1
DA:48,0
DA:49,0
DA:51,1
DA:52,1
DA:53,1
DA:58,0
DA:59,0
DA:60,0
DA:61,0
DA:62,0
DA:63,0
DA:64,0
DA:66,1
DA:67,1
DA:68,1
DA:69,1
DA:70,1
DA:73,0
DA:74,0
DA:76,1
DA:78,1
DA:79,4
DA:80,4
DA:81,2
DA:82,2
DA:85,2
DA:86,2
DA:88,2
DA:89,1
DA:90,1
DA:92,2
DA:93,2
DA:96,0
DA:97,0
DA:99,2
DA:101,1
DA:102,4
DA:103,4
DA:104,2
DA:105,2
DA:106,2
DA:107,1
DA:108,1
DA:112,2
DA:113,2
DA:115,2
DA:117,1
DA:118,19
DA:119,19
DA:120,18
DA:121,18
DA:122,18
DA:123,15
DA:124,15
DA:128,1
DA:130,19
DA:132,1
DA:134,1
LF:85
LH:68
BRDA:32,0,0,41
BRDA:32,0,1,10
BRDA:42,1,0,0
BRDA:42,1,1,0
BRDA:53,2,0,0
BRDA:53,2,1,1
BRDA:66,3,0,1
BRDA:66,3,1,0
BRDA:80,4,0,2
BRDA:80,4,1,2
BRDA:88,5,0,1
BRDA:88,5,1,1
BRDA:92,6,0,2
BRDA:92,6,1,0
BRDA:103,7,0,2
BRDA:103,7,1,2
BRDA:106,8,0,1
BRDA:106,8,1,1
BRDA:119,9,0,18
BRDA:119,9,1,1
BRDA:122,10,0,15
BRDA:122,10,1,3
BRF:22
BRH:17
end_of_record
